<?xml version="1.0" encoding="UTF-8"?>
<testsuite name="hello.GreetingControllerTests" tests="2" skipped="0" failures="0" errors="0" timestamp="2018-08-02T13:18:10" hostname="WIB-LAP-001154" time="0.346">
  <properties/>
  <testcase name="noParamGreetingShouldReturnDefaultMessage" classname="hello.GreetingControllerTests" time="0.332"/>
  <testcase name="paramGreetingShouldReturnTailoredMessage" classname="hello.GreetingControllerTests" time="0.013"/>
  <system-out><![CDATA[18:48:00.125 [Test worker] DEBUG org.springframework.test.context.junit4.SpringJUnit4ClassRunner - SpringJUnit4ClassRunner constructor called with [class hello.GreetingControllerTests]
18:48:00.141 [Test worker] DEBUG org.springframework.test.context.BootstrapUtils - Instantiating CacheAwareContextLoaderDelegate from class [org.springframework.test.context.cache.DefaultCacheAwareContextLoaderDelegate]
18:48:00.151 [Test worker] DEBUG org.springframework.test.context.BootstrapUtils - Instantiating BootstrapContext using constructor [public org.springframework.test.context.support.DefaultBootstrapContext(java.lang.Class,org.springframework.test.context.CacheAwareContextLoaderDelegate)]
18:48:00.186 [Test worker] DEBUG org.springframework.test.context.BootstrapUtils - Instantiating TestContextBootstrapper for test class [hello.GreetingControllerTests] from class [org.springframework.boot.test.context.SpringBootTestContextBootstrapper]
18:48:00.196 [Test worker] INFO org.springframework.boot.test.context.SpringBootTestContextBootstrapper - Neither @ContextConfiguration nor @ContextHierarchy found for test class [hello.GreetingControllerTests], using SpringBootContextLoader
18:48:00.198 [Test worker] DEBUG org.springframework.test.context.support.AbstractContextLoader - Did not detect default resource location for test class [hello.GreetingControllerTests]: class path resource [hello/GreetingControllerTests-context.xml] does not exist
18:48:00.198 [Test worker] DEBUG org.springframework.test.context.support.AbstractContextLoader - Did not detect default resource location for test class [hello.GreetingControllerTests]: class path resource [hello/GreetingControllerTestsContext.groovy] does not exist
18:48:00.198 [Test worker] INFO org.springframework.test.context.support.AbstractContextLoader - Could not detect default resource locations for test class [hello.GreetingControllerTests]: no resource found for suffixes {-context.xml, Context.groovy}.
18:48:00.198 [Test worker] INFO org.springframework.test.context.support.AnnotationConfigContextLoaderUtils - Could not detect default configuration classes for test class [hello.GreetingControllerTests]: GreetingControllerTests does not declare any static, non-private, non-final, nested classes annotated with @Configuration.
18:48:00.260 [Test worker] DEBUG org.springframework.test.context.support.ActiveProfilesUtils - Could not find an 'annotation declaring class' for annotation type [org.springframework.test.context.ActiveProfiles] and class [hello.GreetingControllerTests]
18:48:00.260 [Test worker] DEBUG org.springframework.core.env.StandardEnvironment - Adding PropertySource 'systemProperties' with lowest search precedence
18:48:00.260 [Test worker] DEBUG org.springframework.core.env.StandardEnvironment - Adding PropertySource 'systemEnvironment' with lowest search precedence
18:48:00.260 [Test worker] DEBUG org.springframework.core.env.StandardEnvironment - Initialized StandardEnvironment with PropertySources [MapPropertySource@1373783450 {name='systemProperties', properties={java.runtime.name=Java(TM) SE Runtime Environment, sun.boot.library.path=C:\Program Files\Java\jdk1.8.0_131\jre\bin, java.vm.version=25.131-b11, java.vm.vendor=Oracle Corporation, java.vendor.url=http://java.oracle.com/, path.separator=;, java.vm.name=Java HotSpot(TM) 64-Bit Server VM, file.encoding.pkg=sun.io, user.script=, sun.java.launcher=SUN_STANDARD, user.country=US, sun.os.patch.level=, java.vm.specification.name=Java Virtual Machine Specification, user.dir=E:\workspace\sara\git\work\gs-rest-service\complete, java.runtime.version=1.8.0_131-b11, java.awt.graphicsenv=sun.awt.Win32GraphicsEnvironment, java.endorsed.dirs=C:\Program Files\Java\jdk1.8.0_131\jre\lib\endorsed, os.arch=amd64, java.io.tmpdir=C:\Users\ELSON~1.FER\AppData\Local\Temp\, line.separator=
, java.vm.specification.vendor=Oracle Corporation, user.variant=, os.name=Windows 10, sun.jnu.encoding=Cp1252, java.library.path=C:\Program Files\Java\jdk1.8.0_131\bin;C:\Windows\Sun\Java\bin;C:\Windows\system32;C:\Windows;E:\softwares\gradle-4.2.1-all\gradle-4.2.1\bin;C:\ProgramData\Oracle\Java\javapath;C:\Windows\system32;C:\Windows;C:\Windows\System32\Wbem;C:\Windows\System32\WindowsPowerShell\v1.0\;C:\Program Files\Git\cmd;C:\Program Files (x86)\Microsoft SQL Server\Client SDK\ODBC\130\Tools\Binn\;C:\Program Files (x86)\Microsoft SQL Server\130\Tools\Binn\;C:\Program Files (x86)\Microsoft SQL Server\130\DTS\Binn\;C:\Program Files (x86)\Microsoft SQL Server\130\Tools\Binn\ManagementStudio\;C:\Program Files\TortoiseSVN\bin;C:\Users\elson.fernandes\AppData\Local\Microsoft\WindowsApps;;;., java.specification.name=Java Platform API Specification, java.class.version=52.0, org.gradle.native=false, sun.management.compiler=HotSpot 64-Bit Tiered Compilers, os.version=10.0, user.home=C:\Users\elson.fernandes, user.timezone=Asia/Calcutta, java.awt.printerjob=sun.awt.windows.WPrinterJob, file.encoding=windows-1252, java.specification.version=1.8, java.class.path=E:\workspace\sara\git\work\gs-rest-service\complete\build\classes\java\test;E:\workspace\sara\git\work\gs-rest-service\complete\build\resources\test;E:\workspace\sara\git\work\gs-rest-service\complete\build\classes\java\main;E:\workspace\sara\git\work\gs-rest-service\complete\build\resources\main;C:\Users\elson.fernandes\.gradle\caches\modules-2\files-2.1\org.springframework.boot\spring-boot-starter-web\2.0.3.RELEASE\41fd4180bea3813de8f3c602b5a126218360315b\spring-boot-starter-web-2.0.3.RELEASE.jar;C:\Users\elson.fernandes\.gradle\caches\modules-2\files-2.1\org.springframework.boot\spring-boot-starter-test\2.0.3.RELEASE\1c624b1cc217bac010abce7a28df8169af4a7fa0\spring-boot-starter-test-2.0.3.RELEASE.jar;C:\Users\elson.fernandes\.gradle\caches\modules-2\files-2.1\com.jayway.jsonpath\json-path\2.4.0\765a4401ceb2dc8d40553c2075eb80a8fa35c2ae\json-path-2.4.0.jar;C:\Users\elson.fernandes\.gradle\caches\modules-2\files-2.1\org.springframework.boot\spring-boot-starter-json\2.0.3.RELEASE\2e389a8727588c549c28bb277f0f573f65554850\spring-boot-starter-json-2.0.3.RELEASE.jar;C:\Users\elson.fernandes\.gradle\caches\modules-2\files-2.1\org.springframework.boot\spring-boot-starter\2.0.3.RELEASE\ffaa050dbd36b0441645598f1a7ddaf67fd5e678\spring-boot-starter-2.0.3.RELEASE.jar;C:\Users\elson.fernandes\.gradle\caches\modules-2\files-2.1\org.springframework.boot\spring-boot-starter-tomcat\2.0.3.RELEASE\25a51a75bfb997b7b95d6760178ee3303863ec4b\spring-boot-starter-tomcat-2.0.3.RELEASE.jar;C:\Users\elson.fernandes\.gradle\caches\modules-2\files-2.1\org.hibernate.validator\hibernate-validator\6.0.10.Final\4236051a8d209c00f85e70918d5e26d9f3e5201e\hibernate-validator-6.0.10.Final.jar;C:\Users\elson.fernandes\.gradle\caches\modules-2\files-2.1\org.springframework\spring-webmvc\5.0.7.RELEASE\751c871527ec7ff335ffc76f2e737e297c0a8d30\spring-webmvc-5.0.7.RELEASE.jar;C:\Users\elson.fernandes\.gradle\caches\modules-2\files-2.1\org.springframework\spring-web\5.0.7.RELEASE\2e04c6c2922fbfa06b5948be14a5782db168b6ec\spring-web-5.0.7.RELEASE.jar;C:\Users\elson.fernandes\.gradle\caches\modules-2\files-2.1\org.springframework.boot\spring-boot-test-autoconfigure\2.0.3.RELEASE\54e7d2167f2b926bf16a0ef8b91b6bfbd43826e7\spring-boot-test-autoconfigure-2.0.3.RELEASE.jar;C:\Users\elson.fernandes\.gradle\caches\modules-2\files-2.1\org.springframework.boot\spring-boot-test\2.0.3.RELEASE\5c9b4bb6cfce9ef6e53a0ff5fc4a7ff2867871d8\spring-boot-test-2.0.3.RELEASE.jar;C:\Users\elson.fernandes\.gradle\caches\modules-2\files-2.1\junit\junit\4.12\2973d150c0dc1fefe998f834810d68f278ea58ec\junit-4.12.jar;C:\Users\elson.fernandes\.gradle\caches\modules-2\files-2.1\org.assertj\assertj-core\3.9.1\c5ce126b15f28d56cd8f960c1a6a058b9c9aea87\assertj-core-3.9.1.jar;C:\Users\elson.fernandes\.gradle\caches\modules-2\files-2.1\org.mockito\mockito-core\2.15.0\b84bfbbc29cd22c9529409627af6ea2897f4fa85\mockito-core-2.15.0.jar;C:\Users\elson.fernandes\.gradle\caches\modules-2\files-2.1\org.hamcrest\hamcrest-library\1.3\4785a3c21320980282f9f33d0d1264a69040538f\hamcrest-library-1.3.jar;C:\Users\elson.fernandes\.gradle\caches\modules-2\files-2.1\org.hamcrest\hamcrest-core\1.3\42a25dc3219429f0e5d060061f71acb49bf010a0\hamcrest-core-1.3.jar;C:\Users\elson.fernandes\.gradle\caches\modules-2\files-2.1\org.skyscreamer\jsonassert\1.5.0\6c9d5fe2f59da598d9aefc1cfc6528ff3cf32df3\jsonassert-1.5.0.jar;C:\Users\elson.fernandes\.gradle\caches\modules-2\files-2.1\org.springframework\spring-test\5.0.7.RELEASE\bcb7505a316ea34b7e9a7ae5d4921be5b475c02d\spring-test-5.0.7.RELEASE.jar;C:\Users\elson.fernandes\.gradle\caches\modules-2\files-2.1\org.springframework.boot\spring-boot-autoconfigure\2.0.3.RELEASE\11bc4cc96b08fabad2b3186755818fa0b32d83f\spring-boot-autoconfigure-2.0.3.RELEASE.jar;C:\Users\elson.fernandes\.gradle\caches\modules-2\files-2.1\org.springframework.boot\spring-boot\2.0.3.RELEASE\b874870d915adbc3dd932e19077d3d45c8e54aa0\spring-boot-2.0.3.RELEASE.jar;C:\Users\elson.fernandes\.gradle\caches\modules-2\files-2.1\org.springframework\spring-context\5.0.7.RELEASE\243a23f8968de8754d8199d669780d683ab177bd\spring-context-5.0.7.RELEASE.jar;C:\Users\elson.fernandes\.gradle\caches\modules-2\files-2.1\org.springframework\spring-expression\5.0.7.RELEASE\ca01fb473f53dd0ee3c85663b26d5dc325602057\spring-expression-5.0.7.RELEASE.jar;C:\Users\elson.fernandes\.gradle\caches\modules-2\files-2.1\org.springframework\spring-aop\5.0.7.RELEASE\fdd0b6aa3c9c7a188c3bfbf6dfd8d40e843be9ef\spring-aop-5.0.7.RELEASE.jar;C:\Users\elson.fernandes\.gradle\caches\modules-2\files-2.1\org.springframework\spring-beans\5.0.7.RELEASE\c1196cb3e56da83e3c3a02ef323699f4b05feedc\spring-beans-5.0.7.RELEASE.jar;C:\Users\elson.fernandes\.gradle\caches\modules-2\files-2.1\org.springframework\spring-core\5.0.7.RELEASE\54b731178d81e66eca9623df772ff32718208137\spring-core-5.0.7.RELEASE.jar;C:\Users\elson.fernandes\.gradle\caches\modules-2\files-2.1\org.xmlunit\xmlunit-core\2.5.1\4ffdb346572a7356f7521cd3119ce5287d2e339d\xmlunit-core-2.5.1.jar;C:\Users\elson.fernandes\.gradle\caches\modules-2\files-2.1\net.minidev\json-smart\2.3\7396407491352ce4fa30de92efb158adb76b5b\json-smart-2.3.jar;C:\Users\elson.fernandes\.gradle\caches\modules-2\files-2.1\org.springframework.boot\spring-boot-starter-logging\2.0.3.RELEASE\7caad34f01d2688919e15e09a90467963e3d5190\spring-boot-starter-logging-2.0.3.RELEASE.jar;C:\Users\elson.fernandes\.gradle\caches\modules-2\files-2.1\ch.qos.logback\logback-classic\1.2.3\7c4f3c474fb2c041d8028740440937705ebb473a\logback-classic-1.2.3.jar;C:\Users\elson.fernandes\.gradle\caches\modules-2\files-2.1\org.apache.logging.log4j\log4j-to-slf4j\2.10.0\f7e631ccf49cfc0aefa4a2a728da7d374c05bd3c\log4j-to-slf4j-2.10.0.jar;C:\Users\elson.fernandes\.gradle\caches\modules-2\files-2.1\org.slf4j\jul-to-slf4j\1.7.25\af5364cd6679bfffb114f0dec8a157aaa283b76\jul-to-slf4j-1.7.25.jar;C:\Users\elson.fernandes\.gradle\caches\modules-2\files-2.1\org.slf4j\slf4j-api\1.7.25\da76ca59f6a57ee3102f8f9bd9cee742973efa8a\slf4j-api-1.7.25.jar;C:\Users\elson.fernandes\.gradle\caches\modules-2\files-2.1\javax.annotation\javax.annotation-api\1.3.2\934c04d3cfef185a8008e7bf34331b79730a9d43\javax.annotation-api-1.3.2.jar;C:\Users\elson.fernandes\.gradle\caches\modules-2\files-2.1\org.yaml\snakeyaml\1.19\2d998d3d674b172a588e54ab619854d073f555b5\snakeyaml-1.19.jar;C:\Users\elson.fernandes\.gradle\caches\modules-2\files-2.1\com.fasterxml.jackson.datatype\jackson-datatype-jdk8\2.9.6\456895fc91bf7180b216fead220373e6278230c9\jackson-datatype-jdk8-2.9.6.jar;C:\Users\elson.fernandes\.gradle\caches\modules-2\files-2.1\com.fasterxml.jackson.datatype\jackson-datatype-jsr310\2.9.6\ea54f6193d224e5e5732bbd4262327eb465397c2\jackson-datatype-jsr310-2.9.6.jar;C:\Users\elson.fernandes\.gradle\caches\modules-2\files-2.1\com.fasterxml.jackson.module\jackson-module-parameter-names\2.9.6\129acd77a4b6ee30d62d3a0899b1344c8ec2bff8\jackson-module-parameter-names-2.9.6.jar;C:\Users\elson.fernandes\.gradle\caches\modules-2\files-2.1\com.fasterxml.jackson.core\jackson-databind\2.9.6\cfa4f316351a91bfd95cb0644c6a2c95f52db1fc\jackson-databind-2.9.6.jar;C:\Users\elson.fernandes\.gradle\caches\modules-2\files-2.1\org.apache.tomcat.embed\tomcat-embed-websocket\8.5.31\6564e716b89de5eaa0dd234ae7989576503ddf3\tomcat-embed-websocket-8.5.31.jar;C:\Users\elson.fernandes\.gradle\caches\modules-2\files-2.1\org.apache.tomcat.embed\tomcat-embed-core\8.5.31\f5adf7ed8c34aa005b22b6a2dc7b6796e10e9c79\tomcat-embed-core-8.5.31.jar;C:\Users\elson.fernandes\.gradle\caches\modules-2\files-2.1\org.apache.tomcat.embed\tomcat-embed-el\8.5.31\3a536e1ac71b82627c3a7408eb38fa0704cb9034\tomcat-embed-el-8.5.31.jar;C:\Users\elson.fernandes\.gradle\caches\modules-2\files-2.1\javax.validation\validation-api\2.0.1.Final\cb855558e6271b1b32e716d24cb85c7f583ce09e\validation-api-2.0.1.Final.jar;C:\Users\elson.fernandes\.gradle\caches\modules-2\files-2.1\org.jboss.logging\jboss-logging\3.3.2.Final\3789d00e859632e6c6206adc0c71625559e6e3b0\jboss-logging-3.3.2.Final.jar;C:\Users\elson.fernandes\.gradle\caches\modules-2\files-2.1\com.fasterxml\classmate\1.3.4\3d5f48f10bbe4eb7bd862f10c0583be2e0053c6\classmate-1.3.4.jar;C:\Users\elson.fernandes\.gradle\caches\modules-2\files-2.1\net.bytebuddy\byte-buddy\1.7.11\f02857a4e2c66ccbe7aaad6100a0a6c461bce9b3\byte-buddy-1.7.11.jar;C:\Users\elson.fernandes\.gradle\caches\modules-2\files-2.1\net.bytebuddy\byte-buddy-agent\1.7.11\b425a8933ca07edd03c6dbc8bc3b595fba9780de\byte-buddy-agent-1.7.11.jar;C:\Users\elson.fernandes\.gradle\caches\modules-2\files-2.1\org.objenesis\objenesis\2.6\639033469776fd37c08358c6b92a4761feb2af4b\objenesis-2.6.jar;C:\Users\elson.fernandes\.gradle\caches\modules-2\files-2.1\com.vaadin.external.google\android-json\0.0.20131108.vaadin1\fa26d351fe62a6a17f5cda1287c1c6110dec413f\android-json-0.0.20131108.vaadin1.jar;C:\Users\elson.fernandes\.gradle\caches\modules-2\files-2.1\org.springframework\spring-jcl\5.0.7.RELEASE\699016ddf454c2c167d9f84ae5777eccadf54728\spring-jcl-5.0.7.RELEASE.jar;C:\Users\elson.fernandes\.gradle\caches\modules-2\files-2.1\net.minidev\accessors-smart\1.2\c592b500269bfde36096641b01238a8350f8aa31\accessors-smart-1.2.jar;C:\Users\elson.fernandes\.gradle\caches\modules-2\files-2.1\com.fasterxml.jackson.core\jackson-annotations\2.9.0\7c10d545325e3a6e72e06381afe469fd40eb701\jackson-annotations-2.9.0.jar;C:\Users\elson.fernandes\.gradle\caches\modules-2\files-2.1\com.fasterxml.jackson.core\jackson-core\2.9.6\4e393793c37c77e042ccc7be5a914ae39251b365\jackson-core-2.9.6.jar;C:\Users\elson.fernandes\.gradle\caches\modules-2\files-2.1\org.ow2.asm\asm\5.0.4\da08b8cce7bbf903602a25a3a163ae252435795\asm-5.0.4.jar;C:\Users\elson.fernandes\.gradle\caches\modules-2\files-2.1\ch.qos.logback\logback-core\1.2.3\864344400c3d4d92dfeb0a305dc87d953677c03c\logback-core-1.2.3.jar;C:\Users\elson.fernandes\.gradle\caches\modules-2\files-2.1\org.apache.logging.log4j\log4j-api\2.10.0\fec5797a55b786184a537abd39c3fa1449d752d6\log4j-api-2.10.0.jar, user.name=Elson.fernandes, java.vm.specification.version=1.8, sun.java.command=worker.org.gradle.process.internal.worker.GradleWorkerMain 'Gradle Test Executor 1', java.home=C:\Program Files\Java\jdk1.8.0_131\jre, sun.arch.data.model=64, user.language=en, java.specification.vendor=Oracle Corporation, awt.toolkit=sun.awt.windows.WToolkit, java.vm.info=mixed mode, java.version=1.8.0_131, java.ext.dirs=C:\Program Files\Java\jdk1.8.0_131\jre\lib\ext;C:\Windows\Sun\Java\lib\ext, sun.boot.class.path=C:\Program Files\Java\jdk1.8.0_131\jre\lib\resources.jar;C:\Program Files\Java\jdk1.8.0_131\jre\lib\rt.jar;C:\Program Files\Java\jdk1.8.0_131\jre\lib\sunrsasign.jar;C:\Program Files\Java\jdk1.8.0_131\jre\lib\jsse.jar;C:\Program Files\Java\jdk1.8.0_131\jre\lib\jce.jar;C:\Program Files\Java\jdk1.8.0_131\jre\lib\charsets.jar;C:\Program Files\Java\jdk1.8.0_131\jre\lib\jfr.jar;C:\Program Files\Java\jdk1.8.0_131\jre\classes, java.vendor=Oracle Corporation, org.gradle.test.worker=1, file.separator=\, java.vendor.url.bug=http://bugreport.sun.com/bugreport/, sun.io.unicode.encoding=UnicodeLittle, sun.cpu.endian=little, sun.desktop=windows, sun.cpu.isalist=amd64}}, SystemEnvironmentPropertySource@833413253 {name='systemEnvironment', properties={USERDOMAIN_ROAMINGPROFILE=WIBMODC, PROCESSOR_LEVEL=6, SESSIONNAME=Console, ALLUSERSPROFILE=C:\ProgramData, PROCESSOR_ARCHITECTURE=AMD64, PSModulePath=C:\Program Files\WindowsPowerShell\Modules;C:\Windows\system32\WindowsPowerShell\v1.0\Modules;C:\Program Files (x86)\Microsoft SQL Server\130\Tools\PowerShell\Modules\, SystemDrive=C:, =E:=E:\workspace\sara\git\work\gs-rest-service\complete, =ExitCode=00000000, DIRNAME=E:\softwares\gradle-4.2.1-all\gradle-4.2.1\bin\, USERNAME=Elson.fernandes, USERDNSDOMAIN=WIBMODC.COM, CMD_LINE_ARGS=build, ProgramFiles(x86)=C:\Program Files (x86), FPS_BROWSER_USER_PROFILE_STRING=Default, APP_HOME=E:\softwares\gradle-4.2.1-all\gradle-4.2.1\bin\.., PATHEXT=.COM;.EXE;.BAT;.CMD;.VBS;.VBE;.JS;.JSE;.WSF;.WSH;.MSC, ProgramData=C:\ProgramData, ProgramW6432=C:\Program Files, HOMEPATH=\Users\elson.fernandes, PROCESSOR_IDENTIFIER=Intel64 Family 6 Model 142 Stepping 9, GenuineIntel, ProgramFiles=C:\Program Files, PUBLIC=C:\Users\Public, windir=C:\Windows, =::=::\, _SKIP=2, LOCALAPPDATA=C:\Users\elson.fernandes\AppData\Local, USERDOMAIN=WIBMODC, FPS_BROWSER_APP_PROFILE_STRING=Internet Explorer, LOGONSERVER=\\WIBMOAD, PROMPT=$P$G, OneDrive=C:\Users\elson.fernandes\OneDrive, APPDATA=C:\Users\elson.fernandes\AppData\Roaming, JAVA_EXE=java.exe, CommonProgramFiles=C:\Program Files\Common Files, Path=E:\softwares\gradle-4.2.1-all\gradle-4.2.1\bin;C:\ProgramData\Oracle\Java\javapath;C:\Windows\system32;C:\Windows;C:\Windows\System32\Wbem;C:\Windows\System32\WindowsPowerShell\v1.0\;C:\Program Files\Git\cmd;C:\Program Files (x86)\Microsoft SQL Server\Client SDK\ODBC\130\Tools\Binn\;C:\Program Files (x86)\Microsoft SQL Server\130\Tools\Binn\;C:\Program Files (x86)\Microsoft SQL Server\130\DTS\Binn\;C:\Program Files (x86)\Microsoft SQL Server\130\Tools\Binn\ManagementStudio\;C:\Program Files\TortoiseSVN\bin;C:\Users\elson.fernandes\AppData\Local\Microsoft\WindowsApps;;, OS=Windows_NT, COMPUTERNAME=WIB-LAP-001154, PROCESSOR_REVISION=8e09, CLASSPATH=E:\softwares\gradle-4.2.1-all\gradle-4.2.1\bin\..\lib\gradle-launcher-4.2.1.jar, CommonProgramW6432=C:\Program Files\Common Files, ComSpec=C:\Windows\system32\cmd.exe, APP_BASE_NAME=gradle, SystemRoot=C:\Windows, TEMP=C:\Users\ELSON~1.FER\AppData\Local\Temp, HOMEDRIVE=C:, USERPROFILE=C:\Users\elson.fernandes, TMP=C:\Users\ELSON~1.FER\AppData\Local\Temp, CommonProgramFiles(x86)=C:\Program Files (x86)\Common Files, NUMBER_OF_PROCESSORS=4}}]
18:48:00.276 [Test worker] DEBUG org.springframework.core.io.support.PathMatchingResourcePatternResolver - Resolved classpath location [hello/] to resources [URL [file:/E:/workspace/sara/git/work/gs-rest-service/complete/build/classes/java/test/hello/], URL [file:/E:/workspace/sara/git/work/gs-rest-service/complete/build/classes/java/main/hello/]]
18:48:00.276 [Test worker] DEBUG org.springframework.core.io.support.PathMatchingResourcePatternResolver - Looking for matching resources in directory tree [E:\workspace\sara\git\work\gs-rest-service\complete\build\classes\java\test\hello]
18:48:00.276 [Test worker] DEBUG org.springframework.core.io.support.PathMatchingResourcePatternResolver - Searching directory [E:\workspace\sara\git\work\gs-rest-service\complete\build\classes\java\test\hello] for files matching pattern [E:/workspace/sara/git/work/gs-rest-service/complete/build/classes/java/test/hello/*.class]
18:48:00.292 [Test worker] DEBUG org.springframework.core.io.support.PathMatchingResourcePatternResolver - Looking for matching resources in directory tree [E:\workspace\sara\git\work\gs-rest-service\complete\build\classes\java\main\hello]
18:48:00.292 [Test worker] DEBUG org.springframework.core.io.support.PathMatchingResourcePatternResolver - Searching directory [E:\workspace\sara\git\work\gs-rest-service\complete\build\classes\java\main\hello] for files matching pattern [E:/workspace/sara/git/work/gs-rest-service/complete/build/classes/java/main/hello/*.class]
18:48:00.292 [Test worker] DEBUG org.springframework.core.io.support.PathMatchingResourcePatternResolver - Resolved location pattern [classpath*:hello/*.class] to resources [file [E:\workspace\sara\git\work\gs-rest-service\complete\build\classes\java\test\hello\GreetingControllerTests.class], file [E:\workspace\sara\git\work\gs-rest-service\complete\build\classes\java\main\hello\Application.class]]
18:48:00.323 [Test worker] DEBUG org.springframework.context.annotation.ClassPathScanningCandidateComponentProvider - Identified candidate component class: file [E:\workspace\sara\git\work\gs-rest-service\complete\build\classes\java\main\hello\Application.class]
18:48:00.323 [Test worker] INFO org.springframework.boot.test.context.SpringBootTestContextBootstrapper - Found @SpringBootConfiguration hello.Application for test class hello.GreetingControllerTests
18:48:00.526 [Test worker] DEBUG org.springframework.boot.test.context.SpringBootTestContextBootstrapper - @TestExecutionListeners is not present for class [hello.GreetingControllerTests]: using defaults.
18:48:00.526 [Test worker] INFO org.springframework.boot.test.context.SpringBootTestContextBootstrapper - Loaded default TestExecutionListener class names from location [META-INF/spring.factories]: [org.springframework.boot.test.autoconfigure.restdocs.RestDocsTestExecutionListener, org.springframework.boot.test.autoconfigure.web.client.MockRestServiceServerResetTestExecutionListener, org.springframework.boot.test.autoconfigure.web.servlet.MockMvcPrintOnlyOnFailureTestExecutionListener, org.springframework.boot.test.autoconfigure.web.servlet.WebDriverTestExecutionListener, org.springframework.boot.test.mock.mockito.MockitoTestExecutionListener, org.springframework.boot.test.mock.mockito.ResetMocksTestExecutionListener, org.springframework.test.context.web.ServletTestExecutionListener, org.springframework.test.context.support.DirtiesContextBeforeModesTestExecutionListener, org.springframework.test.context.support.DependencyInjectionTestExecutionListener, org.springframework.test.context.support.DirtiesContextTestExecutionListener, org.springframework.test.context.transaction.TransactionalTestExecutionListener, org.springframework.test.context.jdbc.SqlScriptsTestExecutionListener]
18:48:00.526 [Test worker] DEBUG org.springframework.boot.test.context.SpringBootTestContextBootstrapper - Skipping candidate TestExecutionListener [org.springframework.test.context.transaction.TransactionalTestExecutionListener] due to a missing dependency. Specify custom listener classes or make the default listener classes and their required dependencies available. Offending class: [org/springframework/transaction/interceptor/TransactionAttributeSource]
18:48:00.526 [Test worker] DEBUG org.springframework.boot.test.context.SpringBootTestContextBootstrapper - Skipping candidate TestExecutionListener [org.springframework.test.context.jdbc.SqlScriptsTestExecutionListener] due to a missing dependency. Specify custom listener classes or make the default listener classes and their required dependencies available. Offending class: [org/springframework/transaction/interceptor/TransactionAttribute]
18:48:00.526 [Test worker] INFO org.springframework.boot.test.context.SpringBootTestContextBootstrapper - Using TestExecutionListeners: [org.springframework.test.context.web.ServletTestExecutionListener@1146c375, org.springframework.test.context.support.DirtiesContextBeforeModesTestExecutionListener@72d3d2c5, org.springframework.boot.test.mock.mockito.MockitoTestExecutionListener@be1bbcf, org.springframework.boot.test.autoconfigure.SpringBootDependencyInjectionTestExecutionListener@19da585b, org.springframework.test.context.support.DirtiesContextTestExecutionListener@3e206d7e, org.springframework.boot.test.autoconfigure.restdocs.RestDocsTestExecutionListener@5289c585, org.springframework.boot.test.autoconfigure.web.client.MockRestServiceServerResetTestExecutionListener@543033d8, org.springframework.boot.test.autoconfigure.web.servlet.MockMvcPrintOnlyOnFailureTestExecutionListener@1fe3b185, org.springframework.boot.test.autoconfigure.web.servlet.WebDriverTestExecutionListener@2215649a, org.springframework.boot.test.mock.mockito.ResetMocksTestExecutionListener@3eac38b0]
18:48:00.542 [Test worker] DEBUG org.springframework.test.annotation.ProfileValueUtils - Retrieved @ProfileValueSourceConfiguration [null] for test class [hello.GreetingControllerTests]
18:48:00.542 [Test worker] DEBUG org.springframework.test.annotation.ProfileValueUtils - Retrieved ProfileValueSource type [class org.springframework.test.annotation.SystemProfileValueSource] for class [hello.GreetingControllerTests]
18:48:00.542 [Test worker] DEBUG org.springframework.test.annotation.ProfileValueUtils - Retrieved @ProfileValueSourceConfiguration [null] for test class [hello.GreetingControllerTests]
18:48:00.542 [Test worker] DEBUG org.springframework.test.annotation.ProfileValueUtils - Retrieved ProfileValueSource type [class org.springframework.test.annotation.SystemProfileValueSource] for class [hello.GreetingControllerTests]
18:48:00.542 [Test worker] DEBUG org.springframework.test.context.support.AbstractDirtiesContextTestExecutionListener - Before test class: context [DefaultTestContext@72f5c80b testClass = GreetingControllerTests, testInstance = [null], testMethod = [null], testException = [null], mergedContextConfiguration = [WebMergedContextConfiguration@62b63d6a testClass = GreetingControllerTests, locations = '{}', classes = '{class hello.Application}', contextInitializerClasses = '[]', activeProfiles = '{}', propertySourceLocations = '{}', propertySourceProperties = '{org.springframework.boot.test.context.SpringBootTestContextBootstrapper=true}', contextCustomizers = set[org.springframework.boot.test.autoconfigure.properties.PropertyMappingContextCustomizer@e7e8512, org.springframework.boot.test.autoconfigure.web.servlet.WebDriverContextCustomizerFactory$Customizer@47f65ca7, [ImportsContextCustomizer@10df6a6b key = [org.springframework.boot.test.autoconfigure.web.servlet.MockMvcAutoConfiguration, org.springframework.boot.test.autoconfigure.web.servlet.MockMvcSecurityAutoConfiguration, org.springframework.boot.test.autoconfigure.web.servlet.MockMvcWebClientAutoConfiguration, org.springframework.boot.test.autoconfigure.web.servlet.MockMvcWebDriverAutoConfiguration]], org.springframework.boot.test.context.filter.ExcludeFilterContextCustomizer@16d6bb76, org.springframework.boot.test.json.DuplicateJsonObjectContextCustomizerFactory$DuplicateJsonObjectContextCustomizer@30939c0e, org.springframework.boot.test.mock.mockito.MockitoContextCustomizer@0, org.springframework.boot.test.web.client.TestRestTemplateContextCustomizer@1a6054d], resourceBasePath = 'src/main/webapp', contextLoader = 'org.springframework.boot.test.context.SpringBootContextLoader', parent = [null]], attributes = map['org.springframework.test.context.web.ServletTestExecutionListener.activateListener' -> true]], class annotated with @DirtiesContext [false] with mode [null].
18:48:00.542 [Test worker] DEBUG org.springframework.test.annotation.ProfileValueUtils - Retrieved @ProfileValueSourceConfiguration [null] for test class [hello.GreetingControllerTests]
18:48:00.542 [Test worker] DEBUG org.springframework.test.annotation.ProfileValueUtils - Retrieved ProfileValueSource type [class org.springframework.test.annotation.SystemProfileValueSource] for class [hello.GreetingControllerTests]
18:48:00.557 [Test worker] DEBUG org.springframework.core.env.StandardEnvironment - Adding PropertySource 'systemProperties' with lowest search precedence
18:48:00.557 [Test worker] DEBUG org.springframework.core.env.StandardEnvironment - Adding PropertySource 'systemEnvironment' with lowest search precedence
18:48:00.557 [Test worker] DEBUG org.springframework.core.env.StandardEnvironment - Initialized StandardEnvironment with PropertySources [MapPropertySource@1902930831 {name='systemProperties', properties={java.runtime.name=Java(TM) SE Runtime Environment, sun.boot.library.path=C:\Program Files\Java\jdk1.8.0_131\jre\bin, java.vm.version=25.131-b11, java.vm.vendor=Oracle Corporation, java.vendor.url=http://java.oracle.com/, path.separator=;, java.vm.name=Java HotSpot(TM) 64-Bit Server VM, file.encoding.pkg=sun.io, user.script=, sun.java.launcher=SUN_STANDARD, user.country=US, sun.os.patch.level=, java.vm.specification.name=Java Virtual Machine Specification, user.dir=E:\workspace\sara\git\work\gs-rest-service\complete, java.runtime.version=1.8.0_131-b11, java.awt.graphicsenv=sun.awt.Win32GraphicsEnvironment, java.endorsed.dirs=C:\Program Files\Java\jdk1.8.0_131\jre\lib\endorsed, os.arch=amd64, java.io.tmpdir=C:\Users\ELSON~1.FER\AppData\Local\Temp\, line.separator=
, java.vm.specification.vendor=Oracle Corporation, user.variant=, os.name=Windows 10, sun.jnu.encoding=Cp1252, java.library.path=C:\Program Files\Java\jdk1.8.0_131\bin;C:\Windows\Sun\Java\bin;C:\Windows\system32;C:\Windows;E:\softwares\gradle-4.2.1-all\gradle-4.2.1\bin;C:\ProgramData\Oracle\Java\javapath;C:\Windows\system32;C:\Windows;C:\Windows\System32\Wbem;C:\Windows\System32\WindowsPowerShell\v1.0\;C:\Program Files\Git\cmd;C:\Program Files (x86)\Microsoft SQL Server\Client SDK\ODBC\130\Tools\Binn\;C:\Program Files (x86)\Microsoft SQL Server\130\Tools\Binn\;C:\Program Files (x86)\Microsoft SQL Server\130\DTS\Binn\;C:\Program Files (x86)\Microsoft SQL Server\130\Tools\Binn\ManagementStudio\;C:\Program Files\TortoiseSVN\bin;C:\Users\elson.fernandes\AppData\Local\Microsoft\WindowsApps;;;., java.specification.name=Java Platform API Specification, java.class.version=52.0, org.gradle.native=false, sun.management.compiler=HotSpot 64-Bit Tiered Compilers, os.version=10.0, user.home=C:\Users\elson.fernandes, user.timezone=Asia/Calcutta, java.awt.printerjob=sun.awt.windows.WPrinterJob, file.encoding=windows-1252, java.specification.version=1.8, java.class.path=E:\workspace\sara\git\work\gs-rest-service\complete\build\classes\java\test;E:\workspace\sara\git\work\gs-rest-service\complete\build\resources\test;E:\workspace\sara\git\work\gs-rest-service\complete\build\classes\java\main;E:\workspace\sara\git\work\gs-rest-service\complete\build\resources\main;C:\Users\elson.fernandes\.gradle\caches\modules-2\files-2.1\org.springframework.boot\spring-boot-starter-web\2.0.3.RELEASE\41fd4180bea3813de8f3c602b5a126218360315b\spring-boot-starter-web-2.0.3.RELEASE.jar;C:\Users\elson.fernandes\.gradle\caches\modules-2\files-2.1\org.springframework.boot\spring-boot-starter-test\2.0.3.RELEASE\1c624b1cc217bac010abce7a28df8169af4a7fa0\spring-boot-starter-test-2.0.3.RELEASE.jar;C:\Users\elson.fernandes\.gradle\caches\modules-2\files-2.1\com.jayway.jsonpath\json-path\2.4.0\765a4401ceb2dc8d40553c2075eb80a8fa35c2ae\json-path-2.4.0.jar;C:\Users\elson.fernandes\.gradle\caches\modules-2\files-2.1\org.springframework.boot\spring-boot-starter-json\2.0.3.RELEASE\2e389a8727588c549c28bb277f0f573f65554850\spring-boot-starter-json-2.0.3.RELEASE.jar;C:\Users\elson.fernandes\.gradle\caches\modules-2\files-2.1\org.springframework.boot\spring-boot-starter\2.0.3.RELEASE\ffaa050dbd36b0441645598f1a7ddaf67fd5e678\spring-boot-starter-2.0.3.RELEASE.jar;C:\Users\elson.fernandes\.gradle\caches\modules-2\files-2.1\org.springframework.boot\spring-boot-starter-tomcat\2.0.3.RELEASE\25a51a75bfb997b7b95d6760178ee3303863ec4b\spring-boot-starter-tomcat-2.0.3.RELEASE.jar;C:\Users\elson.fernandes\.gradle\caches\modules-2\files-2.1\org.hibernate.validator\hibernate-validator\6.0.10.Final\4236051a8d209c00f85e70918d5e26d9f3e5201e\hibernate-validator-6.0.10.Final.jar;C:\Users\elson.fernandes\.gradle\caches\modules-2\files-2.1\org.springframework\spring-webmvc\5.0.7.RELEASE\751c871527ec7ff335ffc76f2e737e297c0a8d30\spring-webmvc-5.0.7.RELEASE.jar;C:\Users\elson.fernandes\.gradle\caches\modules-2\files-2.1\org.springframework\spring-web\5.0.7.RELEASE\2e04c6c2922fbfa06b5948be14a5782db168b6ec\spring-web-5.0.7.RELEASE.jar;C:\Users\elson.fernandes\.gradle\caches\modules-2\files-2.1\org.springframework.boot\spring-boot-test-autoconfigure\2.0.3.RELEASE\54e7d2167f2b926bf16a0ef8b91b6bfbd43826e7\spring-boot-test-autoconfigure-2.0.3.RELEASE.jar;C:\Users\elson.fernandes\.gradle\caches\modules-2\files-2.1\org.springframework.boot\spring-boot-test\2.0.3.RELEASE\5c9b4bb6cfce9ef6e53a0ff5fc4a7ff2867871d8\spring-boot-test-2.0.3.RELEASE.jar;C:\Users\elson.fernandes\.gradle\caches\modules-2\files-2.1\junit\junit\4.12\2973d150c0dc1fefe998f834810d68f278ea58ec\junit-4.12.jar;C:\Users\elson.fernandes\.gradle\caches\modules-2\files-2.1\org.assertj\assertj-core\3.9.1\c5ce126b15f28d56cd8f960c1a6a058b9c9aea87\assertj-core-3.9.1.jar;C:\Users\elson.fernandes\.gradle\caches\modules-2\files-2.1\org.mockito\mockito-core\2.15.0\b84bfbbc29cd22c9529409627af6ea2897f4fa85\mockito-core-2.15.0.jar;C:\Users\elson.fernandes\.gradle\caches\modules-2\files-2.1\org.hamcrest\hamcrest-library\1.3\4785a3c21320980282f9f33d0d1264a69040538f\hamcrest-library-1.3.jar;C:\Users\elson.fernandes\.gradle\caches\modules-2\files-2.1\org.hamcrest\hamcrest-core\1.3\42a25dc3219429f0e5d060061f71acb49bf010a0\hamcrest-core-1.3.jar;C:\Users\elson.fernandes\.gradle\caches\modules-2\files-2.1\org.skyscreamer\jsonassert\1.5.0\6c9d5fe2f59da598d9aefc1cfc6528ff3cf32df3\jsonassert-1.5.0.jar;C:\Users\elson.fernandes\.gradle\caches\modules-2\files-2.1\org.springframework\spring-test\5.0.7.RELEASE\bcb7505a316ea34b7e9a7ae5d4921be5b475c02d\spring-test-5.0.7.RELEASE.jar;C:\Users\elson.fernandes\.gradle\caches\modules-2\files-2.1\org.springframework.boot\spring-boot-autoconfigure\2.0.3.RELEASE\11bc4cc96b08fabad2b3186755818fa0b32d83f\spring-boot-autoconfigure-2.0.3.RELEASE.jar;C:\Users\elson.fernandes\.gradle\caches\modules-2\files-2.1\org.springframework.boot\spring-boot\2.0.3.RELEASE\b874870d915adbc3dd932e19077d3d45c8e54aa0\spring-boot-2.0.3.RELEASE.jar;C:\Users\elson.fernandes\.gradle\caches\modules-2\files-2.1\org.springframework\spring-context\5.0.7.RELEASE\243a23f8968de8754d8199d669780d683ab177bd\spring-context-5.0.7.RELEASE.jar;C:\Users\elson.fernandes\.gradle\caches\modules-2\files-2.1\org.springframework\spring-expression\5.0.7.RELEASE\ca01fb473f53dd0ee3c85663b26d5dc325602057\spring-expression-5.0.7.RELEASE.jar;C:\Users\elson.fernandes\.gradle\caches\modules-2\files-2.1\org.springframework\spring-aop\5.0.7.RELEASE\fdd0b6aa3c9c7a188c3bfbf6dfd8d40e843be9ef\spring-aop-5.0.7.RELEASE.jar;C:\Users\elson.fernandes\.gradle\caches\modules-2\files-2.1\org.springframework\spring-beans\5.0.7.RELEASE\c1196cb3e56da83e3c3a02ef323699f4b05feedc\spring-beans-5.0.7.RELEASE.jar;C:\Users\elson.fernandes\.gradle\caches\modules-2\files-2.1\org.springframework\spring-core\5.0.7.RELEASE\54b731178d81e66eca9623df772ff32718208137\spring-core-5.0.7.RELEASE.jar;C:\Users\elson.fernandes\.gradle\caches\modules-2\files-2.1\org.xmlunit\xmlunit-core\2.5.1\4ffdb346572a7356f7521cd3119ce5287d2e339d\xmlunit-core-2.5.1.jar;C:\Users\elson.fernandes\.gradle\caches\modules-2\files-2.1\net.minidev\json-smart\2.3\7396407491352ce4fa30de92efb158adb76b5b\json-smart-2.3.jar;C:\Users\elson.fernandes\.gradle\caches\modules-2\files-2.1\org.springframework.boot\spring-boot-starter-logging\2.0.3.RELEASE\7caad34f01d2688919e15e09a90467963e3d5190\spring-boot-starter-logging-2.0.3.RELEASE.jar;C:\Users\elson.fernandes\.gradle\caches\modules-2\files-2.1\ch.qos.logback\logback-classic\1.2.3\7c4f3c474fb2c041d8028740440937705ebb473a\logback-classic-1.2.3.jar;C:\Users\elson.fernandes\.gradle\caches\modules-2\files-2.1\org.apache.logging.log4j\log4j-to-slf4j\2.10.0\f7e631ccf49cfc0aefa4a2a728da7d374c05bd3c\log4j-to-slf4j-2.10.0.jar;C:\Users\elson.fernandes\.gradle\caches\modules-2\files-2.1\org.slf4j\jul-to-slf4j\1.7.25\af5364cd6679bfffb114f0dec8a157aaa283b76\jul-to-slf4j-1.7.25.jar;C:\Users\elson.fernandes\.gradle\caches\modules-2\files-2.1\org.slf4j\slf4j-api\1.7.25\da76ca59f6a57ee3102f8f9bd9cee742973efa8a\slf4j-api-1.7.25.jar;C:\Users\elson.fernandes\.gradle\caches\modules-2\files-2.1\javax.annotation\javax.annotation-api\1.3.2\934c04d3cfef185a8008e7bf34331b79730a9d43\javax.annotation-api-1.3.2.jar;C:\Users\elson.fernandes\.gradle\caches\modules-2\files-2.1\org.yaml\snakeyaml\1.19\2d998d3d674b172a588e54ab619854d073f555b5\snakeyaml-1.19.jar;C:\Users\elson.fernandes\.gradle\caches\modules-2\files-2.1\com.fasterxml.jackson.datatype\jackson-datatype-jdk8\2.9.6\456895fc91bf7180b216fead220373e6278230c9\jackson-datatype-jdk8-2.9.6.jar;C:\Users\elson.fernandes\.gradle\caches\modules-2\files-2.1\com.fasterxml.jackson.datatype\jackson-datatype-jsr310\2.9.6\ea54f6193d224e5e5732bbd4262327eb465397c2\jackson-datatype-jsr310-2.9.6.jar;C:\Users\elson.fernandes\.gradle\caches\modules-2\files-2.1\com.fasterxml.jackson.module\jackson-module-parameter-names\2.9.6\129acd77a4b6ee30d62d3a0899b1344c8ec2bff8\jackson-module-parameter-names-2.9.6.jar;C:\Users\elson.fernandes\.gradle\caches\modules-2\files-2.1\com.fasterxml.jackson.core\jackson-databind\2.9.6\cfa4f316351a91bfd95cb0644c6a2c95f52db1fc\jackson-databind-2.9.6.jar;C:\Users\elson.fernandes\.gradle\caches\modules-2\files-2.1\org.apache.tomcat.embed\tomcat-embed-websocket\8.5.31\6564e716b89de5eaa0dd234ae7989576503ddf3\tomcat-embed-websocket-8.5.31.jar;C:\Users\elson.fernandes\.gradle\caches\modules-2\files-2.1\org.apache.tomcat.embed\tomcat-embed-core\8.5.31\f5adf7ed8c34aa005b22b6a2dc7b6796e10e9c79\tomcat-embed-core-8.5.31.jar;C:\Users\elson.fernandes\.gradle\caches\modules-2\files-2.1\org.apache.tomcat.embed\tomcat-embed-el\8.5.31\3a536e1ac71b82627c3a7408eb38fa0704cb9034\tomcat-embed-el-8.5.31.jar;C:\Users\elson.fernandes\.gradle\caches\modules-2\files-2.1\javax.validation\validation-api\2.0.1.Final\cb855558e6271b1b32e716d24cb85c7f583ce09e\validation-api-2.0.1.Final.jar;C:\Users\elson.fernandes\.gradle\caches\modules-2\files-2.1\org.jboss.logging\jboss-logging\3.3.2.Final\3789d00e859632e6c6206adc0c71625559e6e3b0\jboss-logging-3.3.2.Final.jar;C:\Users\elson.fernandes\.gradle\caches\modules-2\files-2.1\com.fasterxml\classmate\1.3.4\3d5f48f10bbe4eb7bd862f10c0583be2e0053c6\classmate-1.3.4.jar;C:\Users\elson.fernandes\.gradle\caches\modules-2\files-2.1\net.bytebuddy\byte-buddy\1.7.11\f02857a4e2c66ccbe7aaad6100a0a6c461bce9b3\byte-buddy-1.7.11.jar;C:\Users\elson.fernandes\.gradle\caches\modules-2\files-2.1\net.bytebuddy\byte-buddy-agent\1.7.11\b425a8933ca07edd03c6dbc8bc3b595fba9780de\byte-buddy-agent-1.7.11.jar;C:\Users\elson.fernandes\.gradle\caches\modules-2\files-2.1\org.objenesis\objenesis\2.6\639033469776fd37c08358c6b92a4761feb2af4b\objenesis-2.6.jar;C:\Users\elson.fernandes\.gradle\caches\modules-2\files-2.1\com.vaadin.external.google\android-json\0.0.20131108.vaadin1\fa26d351fe62a6a17f5cda1287c1c6110dec413f\android-json-0.0.20131108.vaadin1.jar;C:\Users\elson.fernandes\.gradle\caches\modules-2\files-2.1\org.springframework\spring-jcl\5.0.7.RELEASE\699016ddf454c2c167d9f84ae5777eccadf54728\spring-jcl-5.0.7.RELEASE.jar;C:\Users\elson.fernandes\.gradle\caches\modules-2\files-2.1\net.minidev\accessors-smart\1.2\c592b500269bfde36096641b01238a8350f8aa31\accessors-smart-1.2.jar;C:\Users\elson.fernandes\.gradle\caches\modules-2\files-2.1\com.fasterxml.jackson.core\jackson-annotations\2.9.0\7c10d545325e3a6e72e06381afe469fd40eb701\jackson-annotations-2.9.0.jar;C:\Users\elson.fernandes\.gradle\caches\modules-2\files-2.1\com.fasterxml.jackson.core\jackson-core\2.9.6\4e393793c37c77e042ccc7be5a914ae39251b365\jackson-core-2.9.6.jar;C:\Users\elson.fernandes\.gradle\caches\modules-2\files-2.1\org.ow2.asm\asm\5.0.4\da08b8cce7bbf903602a25a3a163ae252435795\asm-5.0.4.jar;C:\Users\elson.fernandes\.gradle\caches\modules-2\files-2.1\ch.qos.logback\logback-core\1.2.3\864344400c3d4d92dfeb0a305dc87d953677c03c\logback-core-1.2.3.jar;C:\Users\elson.fernandes\.gradle\caches\modules-2\files-2.1\org.apache.logging.log4j\log4j-api\2.10.0\fec5797a55b786184a537abd39c3fa1449d752d6\log4j-api-2.10.0.jar, user.name=Elson.fernandes, java.vm.specification.version=1.8, sun.java.command=worker.org.gradle.process.internal.worker.GradleWorkerMain 'Gradle Test Executor 1', java.home=C:\Program Files\Java\jdk1.8.0_131\jre, sun.arch.data.model=64, user.language=en, java.specification.vendor=Oracle Corporation, awt.toolkit=sun.awt.windows.WToolkit, java.vm.info=mixed mode, java.version=1.8.0_131, java.ext.dirs=C:\Program Files\Java\jdk1.8.0_131\jre\lib\ext;C:\Windows\Sun\Java\lib\ext, sun.boot.class.path=C:\Program Files\Java\jdk1.8.0_131\jre\lib\resources.jar;C:\Program Files\Java\jdk1.8.0_131\jre\lib\rt.jar;C:\Program Files\Java\jdk1.8.0_131\jre\lib\sunrsasign.jar;C:\Program Files\Java\jdk1.8.0_131\jre\lib\jsse.jar;C:\Program Files\Java\jdk1.8.0_131\jre\lib\jce.jar;C:\Program Files\Java\jdk1.8.0_131\jre\lib\charsets.jar;C:\Program Files\Java\jdk1.8.0_131\jre\lib\jfr.jar;C:\Program Files\Java\jdk1.8.0_131\jre\classes, java.vendor=Oracle Corporation, org.gradle.test.worker=1, file.separator=\, java.vendor.url.bug=http://bugreport.sun.com/bugreport/, sun.io.unicode.encoding=UnicodeLittle, sun.cpu.endian=little, sun.desktop=windows, sun.cpu.isalist=amd64}}, SystemEnvironmentPropertySource@1696360613 {name='systemEnvironment', properties={USERDOMAIN_ROAMINGPROFILE=WIBMODC, PROCESSOR_LEVEL=6, SESSIONNAME=Console, ALLUSERSPROFILE=C:\ProgramData, PROCESSOR_ARCHITECTURE=AMD64, PSModulePath=C:\Program Files\WindowsPowerShell\Modules;C:\Windows\system32\WindowsPowerShell\v1.0\Modules;C:\Program Files (x86)\Microsoft SQL Server\130\Tools\PowerShell\Modules\, SystemDrive=C:, =E:=E:\workspace\sara\git\work\gs-rest-service\complete, =ExitCode=00000000, DIRNAME=E:\softwares\gradle-4.2.1-all\gradle-4.2.1\bin\, USERNAME=Elson.fernandes, USERDNSDOMAIN=WIBMODC.COM, CMD_LINE_ARGS=build, ProgramFiles(x86)=C:\Program Files (x86), FPS_BROWSER_USER_PROFILE_STRING=Default, APP_HOME=E:\softwares\gradle-4.2.1-all\gradle-4.2.1\bin\.., PATHEXT=.COM;.EXE;.BAT;.CMD;.VBS;.VBE;.JS;.JSE;.WSF;.WSH;.MSC, ProgramData=C:\ProgramData, ProgramW6432=C:\Program Files, HOMEPATH=\Users\elson.fernandes, PROCESSOR_IDENTIFIER=Intel64 Family 6 Model 142 Stepping 9, GenuineIntel, ProgramFiles=C:\Program Files, PUBLIC=C:\Users\Public, windir=C:\Windows, =::=::\, _SKIP=2, LOCALAPPDATA=C:\Users\elson.fernandes\AppData\Local, USERDOMAIN=WIBMODC, FPS_BROWSER_APP_PROFILE_STRING=Internet Explorer, LOGONSERVER=\\WIBMOAD, PROMPT=$P$G, OneDrive=C:\Users\elson.fernandes\OneDrive, APPDATA=C:\Users\elson.fernandes\AppData\Roaming, JAVA_EXE=java.exe, CommonProgramFiles=C:\Program Files\Common Files, Path=E:\softwares\gradle-4.2.1-all\gradle-4.2.1\bin;C:\ProgramData\Oracle\Java\javapath;C:\Windows\system32;C:\Windows;C:\Windows\System32\Wbem;C:\Windows\System32\WindowsPowerShell\v1.0\;C:\Program Files\Git\cmd;C:\Program Files (x86)\Microsoft SQL Server\Client SDK\ODBC\130\Tools\Binn\;C:\Program Files (x86)\Microsoft SQL Server\130\Tools\Binn\;C:\Program Files (x86)\Microsoft SQL Server\130\DTS\Binn\;C:\Program Files (x86)\Microsoft SQL Server\130\Tools\Binn\ManagementStudio\;C:\Program Files\TortoiseSVN\bin;C:\Users\elson.fernandes\AppData\Local\Microsoft\WindowsApps;;, OS=Windows_NT, COMPUTERNAME=WIB-LAP-001154, PROCESSOR_REVISION=8e09, CLASSPATH=E:\softwares\gradle-4.2.1-all\gradle-4.2.1\bin\..\lib\gradle-launcher-4.2.1.jar, CommonProgramW6432=C:\Program Files\Common Files, ComSpec=C:\Windows\system32\cmd.exe, APP_BASE_NAME=gradle, SystemRoot=C:\Windows, TEMP=C:\Users\ELSON~1.FER\AppData\Local\Temp, HOMEDRIVE=C:, USERPROFILE=C:\Users\elson.fernandes, TMP=C:\Users\ELSON~1.FER\AppData\Local\Temp, CommonProgramFiles(x86)=C:\Program Files (x86)\Common Files, NUMBER_OF_PROCESSORS=4}}]
18:48:00.573 [Test worker] DEBUG org.springframework.test.context.support.TestPropertySourceUtils - Adding inlined properties to environment: {spring.jmx.enabled=false, org.springframework.boot.test.context.SpringBootTestContextBootstrapper=true, server.port=-1}
18:48:00.573 [Test worker] DEBUG org.springframework.core.env.StandardEnvironment - Adding PropertySource 'Inlined Test Properties' with highest search precedence

  .   ____          _            __ _ _
 /\\ / ___'_ __ _ _(_)_ __  __ _ \ \ \ \
( ( )\___ | '_ | '_| | '_ \/ _` | \ \ \ \
 \\/  ___)| |_)| | | | | || (_| |  ) ) ) )
  '  |____| .__|_| |_|_| |_\__, | / / / /
 =========|_|==============|___/=/_/_/_/
 :: Spring Boot ::        (v2.0.3.RELEASE)

2018-08-02 18:48:00.932  INFO 19792 --- [    Test worker] hello.GreetingControllerTests            : Starting GreetingControllerTests on WIB-LAP-001154 with PID 19792 (started by Elson.fernandes in E:\workspace\sara\git\work\gs-rest-service\complete)
2018-08-02 18:48:00.948  INFO 19792 --- [    Test worker] hello.GreetingControllerTests            : No active profile set, falling back to default profiles: default
2018-08-02 18:48:00.979  INFO 19792 --- [    Test worker] o.s.w.c.s.GenericWebApplicationContext   : Refreshing org.springframework.web.context.support.GenericWebApplicationContext@4e3c6243: startup date [Thu Aug 02 18:48:00 IST 2018]; root of context hierarchy
2018-08-02 18:48:05.376  INFO 19792 --- [    Test worker] o.s.w.s.handler.SimpleUrlHandlerMapping  : Mapped URL path [/**/favicon.ico] onto handler of type [class org.springframework.web.servlet.resource.ResourceHttpRequestHandler]
2018-08-02 18:48:05.641  INFO 19792 --- [    Test worker] s.w.s.m.m.a.RequestMappingHandlerAdapter : Looking for @ControllerAdvice: org.springframework.web.context.support.GenericWebApplicationContext@4e3c6243: startup date [Thu Aug 02 18:48:00 IST 2018]; root of context hierarchy
2018-08-02 18:48:06.055  INFO 19792 --- [    Test worker] s.w.s.m.m.a.RequestMappingHandlerMapping : Mapped "{[/greeting]}" onto public hello.model.Greeting hello.controller.GreetingController.greeting(java.lang.String)
2018-08-02 18:48:06.055  INFO 19792 --- [    Test worker] s.w.s.m.m.a.RequestMappingHandlerMapping : Mapped "{[/students/{studentId}/course],methods=[GET]}" onto public java.util.List<hello.model.Course> hello.controller.GreetingController.getCourseForStudent(java.lang.String)
2018-08-02 18:48:06.071  INFO 19792 --- [    Test worker] s.w.s.m.m.a.RequestMappingHandlerMapping : Mapped "{[/error]}" onto public org.springframework.http.ResponseEntity<java.util.Map<java.lang.String, java.lang.Object>> org.springframework.boot.autoconfigure.web.servlet.error.BasicErrorController.error(javax.servlet.http.HttpServletRequest)
2018-08-02 18:48:06.071  INFO 19792 --- [    Test worker] s.w.s.m.m.a.RequestMappingHandlerMapping : Mapped "{[/error],produces=[text/html]}" onto public org.springframework.web.servlet.ModelAndView org.springframework.boot.autoconfigure.web.servlet.error.BasicErrorController.errorHtml(javax.servlet.http.HttpServletRequest,javax.servlet.http.HttpServletResponse)
2018-08-02 18:48:06.102  INFO 19792 --- [    Test worker] o.s.w.s.handler.SimpleUrlHandlerMapping  : Mapped URL path [/webjars/**] onto handler of type [class org.springframework.web.servlet.resource.ResourceHttpRequestHandler]
2018-08-02 18:48:06.102  INFO 19792 --- [    Test worker] o.s.w.s.handler.SimpleUrlHandlerMapping  : Mapped URL path [/**] onto handler of type [class org.springframework.web.servlet.resource.ResourceHttpRequestHandler]
2018-08-02 18:48:06.319  INFO 19792 --- [    Test worker] o.s.b.t.m.w.SpringBootMockServletContext : Initializing Spring FrameworkServlet ''
2018-08-02 18:48:06.319  INFO 19792 --- [    Test worker] o.s.t.web.servlet.TestDispatcherServlet  : FrameworkServlet '': initialization started
2018-08-02 18:48:06.338  INFO 19792 --- [    Test worker] o.s.t.web.servlet.TestDispatcherServlet  : FrameworkServlet '': initialization completed in 19 ms
2018-08-02 18:48:06.401  INFO 19792 --- [    Test worker] hello.GreetingControllerTests            : Started GreetingControllerTests in 5.827 seconds (JVM running for 7.191)

MockHttpServletRequest:
      HTTP Method = GET
      Request URI = /greeting
       Parameters = {}
          Headers = {}
             Body = null
    Session Attrs = {}

Handler:
             Type = hello.controller.GreetingController
           Method = public hello.model.Greeting hello.controller.GreetingController.greeting(java.lang.String)

Async:
    Async started = false
     Async result = null

Resolved Exception:
             Type = null

ModelAndView:
        View name = null
             View = null
            Model = null

FlashMap:
       Attributes = null

MockHttpServletResponse:
           Status = 200
    Error message = null
          Headers = {Content-Type=[application/json;charset=UTF-8]}
     Content type = application/json;charset=UTF-8
             Body = {"id":1,"content":"Hello, World!"}
    Forwarded URL = null
   Redirected URL = null
          Cookies = []

MockHttpServletRequest:
      HTTP Method = GET
      Request URI = /greeting
       Parameters = {name=[Spring Community]}
          Headers = {}
             Body = null
    Session Attrs = {}

Handler:
             Type = hello.controller.GreetingController
           Method = public hello.model.Greeting hello.controller.GreetingController.greeting(java.lang.String)

Async:
    Async started = false
     Async result = null

Resolved Exception:
             Type = null

ModelAndView:
        View name = null
             View = null
            Model = null

FlashMap:
       Attributes = null

MockHttpServletResponse:
           Status = 200
    Error message = null
          Headers = {Content-Type=[application/json;charset=UTF-8]}
     Content type = application/json;charset=UTF-8
             Body = {"id":2,"content":"Hello, Spring Community!"}
    Forwarded URL = null
   Redirected URL = null
          Cookies = []
]]></system-out>
  <system-err><![CDATA[]]></system-err>
</testsuite>
